<?xml version="1.0" encoding="UTF-8"?>
<!-- Generated by org.testng.reporters.JUnitReportReporter -->
<testsuite hostname="Dmitriys-MBP-3" name="CollectionsTest.CollectionsTest" tests="2" failures="0" timestamp="31 Jan 2017 06:09:29 GMT" time="0.021" errors="0">
  <testcase name="elementsConnectedInOrderTest" time="0.005" classname="CollectionsTest.CollectionsTest"/>
  <testcase name="elementNotDuplicatedAndNotInOrderTest" time="0.016" classname="CollectionsTest.CollectionsTest"/>
</testsuite> <!-- CollectionsTest.CollectionsTest -->
